<?xml version="1.0" encoding="UTF-8"?>
<testng-results ignored="0" total="2" passed="2" failed="0" skipped="0">
  <reporter-output>
  </reporter-output>
  <suite started-at="2021-03-11T17:47:19 PST" name="Surefire suite" finished-at="2021-03-11T17:47:37 PST" duration-ms="18400">
    <groups>
    </groups>
    <test started-at="2021-03-11T17:47:19 PST" name="Surefire test" finished-at="2021-03-11T17:47:37 PST" duration-ms="18400">
      <class name="TestCaseOne">
        <test-method signature="printString()[pri:0, instance:TestCaseOne@4ae82894]" started-at="2021-03-11T17:47:19 PST" name="printString" finished-at="2021-03-11T17:47:19 PST" duration-ms="5" status="PASS">
          <reporter-output>
          </reporter-output>
        </test-method> <!-- printString -->
        <test-method signature="testingChrome()[pri:0, instance:TestCaseOne@4ae82894]" started-at="2021-03-11T17:47:19 PST" name="testingChrome" finished-at="2021-03-11T17:47:37 PST" duration-ms="18334" status="PASS">
          <reporter-output>
          </reporter-output>
        </test-method> <!-- testingChrome -->
      </class> <!-- TestCaseOne -->
    </test> <!-- Surefire test -->
  </suite> <!-- Surefire suite -->
</testng-results>
